[0m[[0m[0mdebug[0m] [0m[0m> Exec(compile, Some(3d36006d-1a22-470d-8d4f-082169ca1cf5), Some(CommandSource(console0)))[0m
[0m[[0m[0mdebug[0m] [0m[0mEvaluating tasks: Compile / compile[0m
[0m[[0m[0mdebug[0m] [0m[0mRunning task... Cancel: Signal, check cycles: false, forcegc: true[0m
[0m[[0m[0minfo[0m] [0m[0mcompiling 2 Scala sources to /Users/nancymiller/jam/software/scalation/scalation_2.0/target/scala-3.1.3/classes ...[0m
[0m[[0m[31merror[0m] [0m[0m[31m[31m-- [E040] Syntax Error: /Users/nancymiller/jam/software/scalation/scalation_2.0/src/main/scala/scalation/database/table/LinHashMap.scala:44:20 [0m[0m[0m
[0m[[0m[31merror[0m] [0m[0m[31m44 |[0m        [33mdef[0m [36mfind[0m ([36mK[0m k): [35mV[0m =[0m
[0m[[0m[31merror[0m] [0m[0m[31m[31m   |[0m                    ^[0m[0m
[0m[[0m[31merror[0m] [0m[0m[31m   |[0m                    ':' expected, but identifier found[0m
[0m[[0m[31merror[0m] [0m[0m[31m[31m-- [E040] Syntax Error: /Users/nancymiller/jam/software/scalation/scalation_2.0/src/main/scala/scalation/database/table/LinHashMap.scala:49:19 [0m[0m[0m
[0m[[0m[31merror[0m] [0m[0m[31m49 |[0m        [33mdef[0m [36madd[0m ([36mK[0m k, [36mV[0m v): [35mUnit[0m =[0m
[0m[[0m[31merror[0m] [0m[0m[31m[31m   |[0m                   ^[0m[0m
[0m[[0m[31merror[0m] [0m[0m[31m   |[0m                   ':' expected, but identifier found[0m
[0m[[0m[31merror[0m] [0m[0m[31m[31m-- [E040] Syntax Error: /Users/nancymiller/jam/software/scalation/scalation_2.0/src/main/scala/scalation/database/table/LinHashMap.scala:49:24 [0m[0m[0m
[0m[[0m[31merror[0m] [0m[0m[31m49 |[0m        [33mdef[0m [36madd[0m ([36mK[0m k, [36mV[0m v): [35mUnit[0m =[0m
[0m[[0m[31merror[0m] [0m[0m[31m[31m   |[0m                        ^[0m[0m
[0m[[0m[31merror[0m] [0m[0m[31m   |[0m                        ':' expected, but identifier found[0m
[0m[[0m[31merror[0m] [0m[0m[31m[31m-- Error: /Users/nancymiller/jam/software/scalation/scalation_2.0/src/main/scala/scalation/database/table/LinHashMap.scala:59:8 [0m[0m[0m
[0m[[0m[31merror[0m] [0m[0m[31m59 |[0m        end print[0m
[0m[[0m[31merror[0m] [0m[0m[31m[31m   |[0m        ^^^^^^^^^[0m[0m
[0m[[0m[31merror[0m] [0m[0m[31m   |[0m        misaligned end marker[0m
[0m[[0m[31merror[0m] [0m[0m[31m[31m-- [E088] Syntax Error: /Users/nancymiller/jam/software/scalation/scalation_2.0/src/main/scala/scalation/database/table/LinHashMap.scala:68:12 [0m[0m[0m
[0m[[0m[31merror[0m] [0m[0m[31m68 |[0m    [33mprivate[0m int mod1     = [31m4[0m                                [34m// modulus for low resolution hashing[0m[0m
[0m[[0m[31merror[0m] [0m[0m[31m[31m   |[0m            ^^^[0m[0m
[0m[[0m[31merror[0m] [0m[0m[31m   |[0m            Expected start of definition[0m
[0m[[0m[31merror[0m] [0m[0m[31m   |----------------------------------------------------------------------------[0m[0m
[0m[[0m[31merror[0m] [0m[0m[31m   |[0m Explanation (enabled by `-explain`)[0m
[0m[[0m[31merror[0m] [0m[0m[31m   |- - - - - - - - - - - - - - - - - - - - - - - - - - - - - - - - - - - - - -[0m[0m
[0m[[0m[31merror[0m] [0m[0m[31m   |[0m You have to provide either [33mclass[0m, [33mtrait[0m, [33mobject[0m, or [33menum[0m definitions after qualifiers[0m
[0m[[0m[31merror[0m] [0m[0m[31m    ----------------------------------------------------------------------------[0m[0m
[0m[[0m[31merror[0m] [0m[0m[34mExplanation[0m[0m
[0m[[0m[31merror[0m] [0m[0m[34m===========[0m[0m
[0m[[0m[31merror[0m] [0m[0mYou have to provide either [33mclass[0m, [33mtrait[0m, [33mobject[0m, or [33menum[0m definitions after qualifiers[0m
[0m[[0m[31merror[0m] [0m[0m[31m[31m-- [E088] Syntax Error: /Users/nancymiller/jam/software/scalation/scalation_2.0/src/main/scala/scalation/database/table/LinHashMap.scala:69:12 [0m[0m[0m
[0m[[0m[31merror[0m] [0m[0m[31m69 |[0m    [33mprivate[0m int mod2     = [31m2[0m * mod1                         [34m// modulus for high resolution hashing[0m[0m
[0m[[0m[31merror[0m] [0m[0m[31m[31m   |[0m            ^^^[0m[0m
[0m[[0m[31merror[0m] [0m[0m[31m   |[0m            Expected start of definition[0m
[0m[[0m[31merror[0m] [0m[0m[31m   |----------------------------------------------------------------------------[0m[0m
[0m[[0m[31merror[0m] [0m[0m[31m   |[0m Explanation (enabled by `-explain`)[0m
[0m[[0m[31merror[0m] [0m[0m[31m   |- - - - - - - - - - - - - - - - - - - - - - - - - - - - - - - - - - - - - -[0m[0m
[0m[[0m[31merror[0m] [0m[0m[31m   |[0m You have to provide either [33mclass[0m, [33mtrait[0m, [33mobject[0m, or [33menum[0m definitions after qualifiers[0m
[0m[[0m[31merror[0m] [0m[0m[31m    ----------------------------------------------------------------------------[0m[0m
[0m[[0m[31merror[0m] [0m[0m[34mExplanation[0m[0m
[0m[[0m[31merror[0m] [0m[0m[34m===========[0m[0m
[0m[[0m[31merror[0m] [0m[0mYou have to provide either [33mclass[0m, [33mtrait[0m, [33mobject[0m, or [33menum[0m definitions after qualifiers[0m
[0m[[0m[31merror[0m] [0m[0m[31m[31m-- [E088] Syntax Error: /Users/nancymiller/jam/software/scalation/scalation_2.0/src/main/scala/scalation/database/table/LinHashMap.scala:70:12 [0m[0m[0m
[0m[[0m[31merror[0m] [0m[0m[31m70 |[0m    [33mprivate[0m int isplit   = [31m0[0m                                [34m// index of the next bucket to split[0m[0m
[0m[[0m[31merror[0m] [0m[0m[31m[31m   |[0m            ^^^[0m[0m
[0m[[0m[31merror[0m] [0m[0m[31m   |[0m            Expected start of definition[0m
[0m[[0m[31merror[0m] [0m[0m[31m   |----------------------------------------------------------------------------[0m[0m
[0m[[0m[31merror[0m] [0m[0m[31m   |[0m Explanation (enabled by `-explain`)[0m
[0m[[0m[31merror[0m] [0m[0m[31m   |- - - - - - - - - - - - - - - - - - - - - - - - - - - - - - - - - - - - - -[0m[0m
[0m[[0m[31merror[0m] [0m[0m[31m   |[0m You have to provide either [33mclass[0m, [33mtrait[0m, [33mobject[0m, or [33menum[0m definitions after qualifiers[0m
[0m[[0m[31merror[0m] [0m[0m[31m    ----------------------------------------------------------------------------[0m[0m
[0m[[0m[31merror[0m] [0m[0m[34mExplanation[0m[0m
[0m[[0m[31merror[0m] [0m[0m[34m===========[0m[0m
[0m[[0m[31merror[0m] [0m[0mYou have to provide either [33mclass[0m, [33mtrait[0m, [33mobject[0m, or [33menum[0m definitions after qualifiers[0m
[0m[[0m[31merror[0m] [0m[0m[31m[31m-- [E088] Syntax Error: /Users/nancymiller/jam/software/scalation/scalation_2.0/src/main/scala/scalation/database/table/LinHashMap.scala:71:12 [0m[0m[0m
[0m[[0m[31merror[0m] [0m[0m[31m71 |[0m    [33mprivate[0m int count    = [31m0[0m                                [34m// counter for number buckets accessed (performance testing)[0m[0m
[0m[[0m[31merror[0m] [0m[0m[31m[31m   |[0m            ^^^[0m[0m
[0m[[0m[31merror[0m] [0m[0m[31m   |[0m            Expected start of definition[0m
[0m[[0m[31merror[0m] [0m[0m[31m   |----------------------------------------------------------------------------[0m[0m
[0m[[0m[31merror[0m] [0m[0m[31m   |[0m Explanation (enabled by `-explain`)[0m
[0m[[0m[31merror[0m] [0m[0m[31m   |- - - - - - - - - - - - - - - - - - - - - - - - - - - - - - - - - - - - - -[0m[0m
[0m[[0m[31merror[0m] [0m[0m[31m   |[0m You have to provide either [33mclass[0m, [33mtrait[0m, [33mobject[0m, or [33menum[0m definitions after qualifiers[0m
[0m[[0m[31merror[0m] [0m[0m[31m    ----------------------------------------------------------------------------[0m[0m
[0m[[0m[31merror[0m] [0m[0m[34mExplanation[0m[0m
[0m[[0m[31merror[0m] [0m[0m[34m===========[0m[0m
[0m[[0m[31merror[0m] [0m[0mYou have to provide either [33mclass[0m, [33mtrait[0m, [33mobject[0m, or [33menum[0m definitions after qualifiers[0m
[0m[[0m[31merror[0m] [0m[0m[31m[31m-- [E088] Syntax Error: /Users/nancymiller/jam/software/scalation/scalation_2.0/src/main/scala/scalation/database/table/LinHashMap.scala:72:12 [0m[0m[0m
[0m[[0m[31merror[0m] [0m[0m[31m72 |[0m    [33mprivate[0m int keyCount = [31m0[0m                                [34m// counter for total number of keys in the LinHash Map[0m[0m
[0m[[0m[31merror[0m] [0m[0m[31m[31m   |[0m            ^^^[0m[0m
[0m[[0m[31merror[0m] [0m[0m[31m   |[0m            Expected start of definition[0m
[0m[[0m[31merror[0m] [0m[0m[31m   |----------------------------------------------------------------------------[0m[0m
[0m[[0m[31merror[0m] [0m[0m[31m   |[0m Explanation (enabled by `-explain`)[0m
[0m[[0m[31merror[0m] [0m[0m[31m   |- - - - - - - - - - - - - - - - - - - - - - - - - - - - - - - - - - - - - -[0m[0m
[0m[[0m[31merror[0m] [0m[0m[31m   |[0m You have to provide either [33mclass[0m, [33mtrait[0m, [33mobject[0m, or [33menum[0m definitions after qualifiers[0m
[0m[[0m[31merror[0m] [0m[0m[31m    ----------------------------------------------------------------------------[0m[0m
[0m[[0m[31merror[0m] [0m[0m[34mExplanation[0m[0m
[0m[[0m[31merror[0m] [0m[0m[34m===========[0m[0m
[0m[[0m[31merror[0m] [0m[0mYou have to provide either [33mclass[0m, [33mtrait[0m, [33mobject[0m, or [33menum[0m definitions after qualifiers[0m
[0m[[0m[31merror[0m] [0m[0m[31m[31m-- [E018] Syntax Error: /Users/nancymiller/jam/software/scalation/scalation_2.0/src/main/scala/scalation/database/table/LinHashMap.scala:75:74 [0m[0m[0m
[0m[[0m[31merror[0m] [0m[0m[31m75 |[0m     * Return a set containing all the entries as pairs of keys and values.[0m
[0m[[0m[31merror[0m] [0m[0m[31m[31m   |[0m                                                                          ^[0m[0m
[0m[[0m[31merror[0m] [0m[0m[31m   |[0m                                       expression expected but [31m'.'[0m found[0m
[0m[[0m[31merror[0m] [0m[0m[31m   |----------------------------------------------------------------------------[0m[0m
[0m[[0m[31merror[0m] [0m[0m[31m   |[0m Explanation (enabled by `-explain`)[0m
[0m[[0m[31merror[0m] [0m[0m[31m   |- - - - - - - - - - - - - - - - - - - - - - - - - - - - - - - - - - - - - -[0m[0m
[0m[[0m[31merror[0m] [0m[0m[31m   |[0m An expression cannot start with [31m'.'[0m.[0m
[0m[[0m[31merror[0m] [0m[0m[31m    ----------------------------------------------------------------------------[0m[0m
[0m[[0m[31merror[0m] [0m[0m[34mExplanation[0m[0m
[0m[[0m[31merror[0m] [0m[0m[34m===========[0m[0m
[0m[[0m[31merror[0m] [0m[0mAn expression cannot start with [31m'.'[0m.[0m
[0m[[0m[31merror[0m] [0m[0m[31m[31m-- [E018] Syntax Error: /Users/nancymiller/jam/software/scalation/scalation_2.0/src/main/scala/scalation/database/table/LinHashMap.scala:87:20 [0m[0m[0m
[0m[[0m[31merror[0m] [0m[0m[31m87 |[0m     * Given the key, look up the value in the hash table.[0m
[0m[[0m[31merror[0m] [0m[0m[31m[31m   |[0m                    ^[0m[0m
[0m[[0m[31merror[0m] [0m[0m[31m   |[0m                    expression expected but [31m','[0m found[0m
[0m[[0m[31merror[0m] [0m[0m[31m   |----------------------------------------------------------------------------[0m[0m
[0m[[0m[31merror[0m] [0m[0m[31m   |[0m Explanation (enabled by `-explain`)[0m
[0m[[0m[31merror[0m] [0m[0m[31m   |- - - - - - - - - - - - - - - - - - - - - - - - - - - - - - - - - - - - - -[0m[0m
[0m[[0m[31merror[0m] [0m[0m[31m   |[0m An expression cannot start with [31m','[0m.[0m
[0m[[0m[31merror[0m] [0m[0m[31m    ----------------------------------------------------------------------------[0m[0m
[0m[[0m[31merror[0m] [0m[0m[34mExplanation[0m[0m
[0m[[0m[31merror[0m] [0m[0m[34m===========[0m[0m
[0m[[0m[31merror[0m] [0m[0mAn expression cannot start with [31m','[0m.[0m
[0m[[0m[31merror[0m] [0m[0m[31m[31m-- Error: /Users/nancymiller/jam/software/scalation/scalation_2.0/src/main/scala/scalation/database/table/LinHashMap.scala:89:7 [0m[0m[0m
[0m[[0m[31merror[0m] [0m[0m[31m89 |[0m     * @[33mreturn[0m  the value associated [33mwith[0m the key[0m
[0m[[0m[31merror[0m] [0m[0m[31m[31m   |[0m       ^[0m[0m
[0m[[0m[31merror[0m] [0m[0m[31m   |[0m       end of statement expected but '@' found[0m
[0m[[0m[31merror[0m] [0m[0m[31m[31m-- [E040] Syntax Error: /Users/nancymiller/jam/software/scalation/scalation_2.0/src/main/scala/scalation/database/table/LinHashMap.scala:92:10 [0m[0m[0m
[0m[[0m[31merror[0m] [0m[0m[31m92 |[0m    [33mdef[0m [36mV[0m get (Object key): V =[0m
[0m[[0m[31merror[0m] [0m[0m[31m[31m   |[0m          ^^^[0m[0m
[0m[[0m[31merror[0m] [0m[0m[31m   |[0m          '=' expected, but identifier found[0m
[0m[[0m[31merror[0m] [0m[0m[31m[31m-- Error: /Users/nancymiller/jam/software/scalation/scalation_2.0/src/main/scala/scalation/database/table/LinHashMap.scala:95:4 [0m[0m[0m
[0m[[0m[31merror[0m] [0m[0m[31m95 |[0m    end get[0m
[0m[[0m[31merror[0m] [0m[0m[31m[31m   |[0m    ^^^^^^^[0m[0m
[0m[[0m[31merror[0m] [0m[0m[31m   |[0m    misaligned end marker[0m
[0m[[0m[31merror[0m] [0m[0m[31m[31m-- [E018] Syntax Error: /Users/nancymiller/jam/software/scalation/scalation_2.0/src/main/scala/scalation/database/table/LinHashMap.scala:98:47 [0m[0m[0m
[0m[[0m[31merror[0m] [0m[0m[31m98 |[0m     * Put the key-value pair in the hash table.  Split the [31m'isplit[0m' bucket chain[0m
[0m[[0m[31merror[0m] [0m[0m[31m[31m   |[0m                                               ^[0m[0m
[0m[[0m[31merror[0m] [0m[0m[31m   |[0m                                       expression expected but [31m'.'[0m found[0m
[0m[[0m[31merror[0m] [0m[0m[31m   |----------------------------------------------------------------------------[0m[0m
[0m[[0m[31merror[0m] [0m[0m[31m   |[0m Explanation (enabled by `-explain`)[0m
[0m[[0m[31merror[0m] [0m[0m[31m   |- - - - - - - - - - - - - - - - - - - - - - - - - - - - - - - - - - - - - -[0m[0m
[0m[[0m[31merror[0m] [0m[0m[31m   |[0m An expression cannot start with [31m'.'[0m.[0m
[0m[[0m[31merror[0m] [0m[0m[31m    ----------------------------------------------------------------------------[0m[0m
[0m[[0m[31merror[0m] [0m[0m[34mExplanation[0m[0m
[0m[[0m[31merror[0m] [0m[0m[34m===========[0m[0m
[0m[[0m[31merror[0m] [0m[0mAn expression cannot start with [31m'.'[0m.[0m
[0m[[0m[31merror[0m] [0m[0m[31m[31m-- Error: /Users/nancymiller/jam/software/scalation/scalation_2.0/src/main/scala/scalation/database/table/LinHashMap.scala:101:7 [0m[0m[0m
[0m[[0m[31merror[0m] [0m[0m[31m101 |[0m     * @param value  the value to insert[0m
[0m[[0m[31merror[0m] [0m[0m[31m[31m    |[0m       ^[0m[0m
[0m[[0m[31merror[0m] [0m[0m[31m    |[0m       end of statement expected but '@' found[0m
[0m[[0m[31merror[0m] [0m[0m[31m[31m-- Error: /Users/nancymiller/jam/software/scalation/scalation_2.0/src/main/scala/scalation/database/table/LinHashMap.scala:102:7 [0m[0m[0m
[0m[[0m[31merror[0m] [0m[0m[31m102 |[0m     * @[33mreturn[0m  the old/previous value, [31mnull[0m [33mif[0m none[0m
[0m[[0m[31merror[0m] [0m[0m[31m[31m    |[0m       ^[0m[0m
[0m[[0m[31merror[0m] [0m[0m[31m    |[0m       end of statement expected but '@' found[0m
[0m[[0m[31merror[0m] [0m[0m[31m[31m-- [E040] Syntax Error: /Users/nancymiller/jam/software/scalation/scalation_2.0/src/main/scala/scalation/database/table/LinHashMap.scala:104:15 [0m[0m[0m
[0m[[0m[31merror[0m] [0m[0m[31m104 |[0m    [33mdef[0m [36mput[0m ([36mK[0m key, [36mV[0m value): [35mV[0m =[0m
[0m[[0m[31merror[0m] [0m[0m[31m[31m    |[0m               ^^^[0m[0m
[0m[[0m[31merror[0m] [0m[0m[31m    |[0m               ':' expected, but identifier found[0m
[0m[[0m[31merror[0m] [0m[0m[31m[31m-- [E040] Syntax Error: /Users/nancymiller/jam/software/scalation/scalation_2.0/src/main/scala/scalation/database/table/LinHashMap.scala:104:22 [0m[0m[0m
[0m[[0m[31merror[0m] [0m[0m[31m104 |[0m    [33mdef[0m [36mput[0m ([36mK[0m key, [36mV[0m value): [35mV[0m =[0m
[0m[[0m[31merror[0m] [0m[0m[31m[31m    |[0m                      ^^^^^[0m[0m
[0m[[0m[31merror[0m] [0m[0m[31m    |[0m                      ':' expected, but identifier found[0m
[0m[[0m[31merror[0m] [0m[0m[31m[31m-- [E018] Syntax Error: /Users/nancymiller/jam/software/scalation/scalation_2.0/src/main/scala/scalation/database/table/LinHashMap.scala:117:15 [0m[0m[0m
[0m[[0m[31merror[0m] [0m[0m[31m117 |[0m              b.next != [31mnull[0m [33mdo[0m[0m
[0m[[0m[31merror[0m] [0m[0m[31m[31m    |[0m               ^[0m[0m
[0m[[0m[31merror[0m] [0m[0m[31m    |[0m               expression expected but [31m'.'[0m found[0m
[0m[[0m[31merror[0m] [0m[0m[31m    |---------------------------------------------------------------------------[0m[0m
[0m[[0m[31merror[0m] [0m[0m[31m    |[0m Explanation (enabled by `-explain`)[0m
[0m[[0m[31merror[0m] [0m[0m[31m    |- - - - - - - - - - - - - - - - - - - - - - - - - - - - - - - - - - - - - -[0m[0m
[0m[[0m[31merror[0m] [0m[0m[31m    |[0m An expression cannot start with [31m'.'[0m.[0m
[0m[[0m[31merror[0m] [0m[0m[31m     ---------------------------------------------------------------------------[0m[0m
[0m[[0m[31merror[0m] [0m[0m[34mExplanation[0m[0m
[0m[[0m[31merror[0m] [0m[0m[34m===========[0m[0m
[0m[[0m[31merror[0m] [0m[0mAn expression cannot start with [31m'.'[0m.[0m
[0m[[0m[31merror[0m] [0m[0m[31m[31m-- [E018] Syntax Error: /Users/nancymiller/jam/software/scalation/scalation_2.0/src/main/scala/scalation/database/table/LinHashMap.scala:148:54 [0m[0m[0m
[0m[[0m[31merror[0m] [0m[0m[31m148 |[0m     * Return the size (SLOTS * number of home buckets) of the hash table. [0m
[0m[[0m[31merror[0m] [0m[0m[31m[31m    |[0m                                                      ^[0m[0m
[0m[[0m[31merror[0m] [0m[0m[31m    |[0m                                     expression expected but [31m')'[0m found[0m
[0m[[0m[31merror[0m] [0m[0m[31m    |---------------------------------------------------------------------------[0m[0m
[0m[[0m[31merror[0m] [0m[0m[31m    |[0m Explanation (enabled by `-explain`)[0m
[0m[[0m[31merror[0m] [0m[0m[31m    |- - - - - - - - - - - - - - - - - - - - - - - - - - - - - - - - - - - - - -[0m[0m
[0m[[0m[31merror[0m] [0m[0m[31m    |[0m An expression cannot start with [31m')'[0m.[0m
[0m[[0m[31merror[0m] [0m[0m[31m     ---------------------------------------------------------------------------[0m[0m
[0m[[0m[31merror[0m] [0m[0m[34mExplanation[0m[0m
[0m[[0m[31merror[0m] [0m[0m[34m===========[0m[0m
[0m[[0m[31merror[0m] [0m[0mAn expression cannot start with [31m')'[0m.[0m
[0m[[0m[31merror[0m] [0m[0m[31m[31m-- Error: /Users/nancymiller/jam/software/scalation/scalation_2.0/src/main/scala/scalation/database/table/LinHashMap.scala:149:7 [0m[0m[0m
[0m[[0m[31merror[0m] [0m[0m[31m149 |[0m     * @[33mreturn[0m  the size of the hash table[0m
[0m[[0m[31merror[0m] [0m[0m[31m[31m    |[0m       ^[0m[0m
[0m[[0m[31merror[0m] [0m[0m[31m    |[0m       end of statement expected but '@' found[0m
[0m[[0m[31merror[0m] [0m[0m[31m[31m-- Error: /Users/nancymiller/jam/software/scalation/scalation_2.0/src/main/scala/scalation/database/table/LinHashMap.scala:154:26 [0m[0m[0m
[0m[[0m[31merror[0m] [0m[0m[31m154 |[0m     * Split bucket chain [31m'isplit[0m' by creating a [33mnew[0m bucket chain at the end of the[0m
[0m[[0m[31merror[0m] [0m[0m[31m[31m    |[0m                          ^[0m[0m
[0m[[0m[31merror[0m] [0m[0m[31m    |[0msymbol literal 'isplit is no longer supported,[0m
[0m[[0m[31merror[0m] [0m[0m[31m    |[0muse a string literal "isplit" or an application Symbol("isplit") instead,[0m
[0m[[0m[31merror[0m] [0m[0m[31m    |[0mor enclose in braces '{isplit} if you want a quoted expression.[0m
[0m[[0m[31merror[0m] [0m[0m[31m    |[0mFor now, you can also `import language.deprecated.symbolLiterals` to accept[0m
[0m[[0m[31merror[0m] [0m[0m[31m    |[0mthe idiom, but this possibility might no longer be available in the future.[0m
[0m[[0m[31merror[0m] [0m[0m[31m[31m-- Error: /Users/nancymiller/jam/software/scalation/scalation_2.0/src/main/scala/scalation/database/table/LinHashMap.scala:154:33 [0m[0m[0m
[0m[[0m[31merror[0m] [0m[0m[31m154 |[0m     * Split bucket chain [31m'isplit[0m' by creating a [33mnew[0m bucket chain at the end of the[0m
[0m[[0m[31merror[0m] [0m[0m[31m[31m    |[0m                                 ^[0m[0m
[0m[[0m[31merror[0m] [0m[0m[31m    |[0m                                 end of statement expected but ' found[0m
[0m[[0m[31merror[0m] [0m[0m[31m[31m-- Error: /Users/nancymiller/jam/software/scalation/scalation_2.0/src/main/scala/scalation/database/table/LinHashMap.scala:156:19 [0m[0m[0m
[0m[[0m[31merror[0m] [0m[0m[31m156 |[0m     * function [31m'h2[0m'.  Increment [31m'isplit[0m'.  If current split phase is complete,[0m
[0m[[0m[31merror[0m] [0m[0m[31m[31m    |[0m                   ^[0m[0m
[0m[[0m[31merror[0m] [0m[0m[31m    |[0m                   unclosed character literal[0m
[0m[[0m[31merror[0m] [0m[0m[31m[31m-- Error: /Users/nancymiller/jam/software/scalation/scalation_2.0/src/main/scala/scalation/database/table/LinHashMap.scala:156:40 [0m[0m[0m
[0m[[0m[31merror[0m] [0m[0m[31m156 |[0m     * function [31m'h2[0m'.  Increment [31m'isplit[0m'.  If current split phase is complete,[0m
[0m[[0m[31merror[0m] [0m[0m[31m[31m    |[0m                                        ^[0m[0m
[0m[[0m[31merror[0m] [0m[0m[31m    |[0m                                        unclosed character literal[0m
[0m[[0m[31merror[0m] [0m[0m[31m[31m-- Error: /Users/nancymiller/jam/software/scalation/scalation_2.0/src/main/scala/scalation/database/table/LinHashMap.scala:167:30 [0m[0m[0m
[0m[[0m[31merror[0m] [0m[0m[31m167 |[0m     * Return the load factor [33mfor[0m the hash table.[0m
[0m[[0m[31merror[0m] [0m[0m[31m[31m    |[0m                              ^^^[0m[0m
[0m[[0m[31merror[0m] [0m[0m[31m    |[0m                             end of statement expected but 'for' found[0m
[0m[[0m[31merror[0m] [0m[0m[31m[31m-- [E018] Syntax Error: /Users/nancymiller/jam/software/scalation/scalation_2.0/src/main/scala/scalation/database/table/LinHashMap.scala:173:52 [0m[0m[0m
[0m[[0m[31merror[0m] [0m[0m[31m173 |[0m     * Find the key in the bucket chain that starts [33mwith[0m home bucket bh.[0m
[0m[[0m[31merror[0m] [0m[0m[31m[31m    |[0m                                                    ^^^^[0m[0m
[0m[[0m[31merror[0m] [0m[0m[31m    |[0m                                    expression expected but [31mwith[0m found[0m
[0m[[0m[31merror[0m] [0m[0m[31m    |---------------------------------------------------------------------------[0m[0m
[0m[[0m[31merror[0m] [0m[0m[31m    |[0m Explanation (enabled by `-explain`)[0m
[0m[[0m[31merror[0m] [0m[0m[31m    |- - - - - - - - - - - - - - - - - - - - - - - - - - - - - - - - - - - - - -[0m[0m
[0m[[0m[31merror[0m] [0m[0m[31m    |[0m An expression cannot start with [31mwith[0m.[0m
[0m[[0m[31merror[0m] [0m[0m[31m     ---------------------------------------------------------------------------[0m[0m
[0m[[0m[31merror[0m] [0m[0m[34mExplanation[0m[0m
[0m[[0m[31merror[0m] [0m[0m[34m===========[0m[0m
[0m[[0m[31merror[0m] [0m[0mAn expression cannot start with [31mwith[0m.[0m
[0m[[0m[31merror[0m] [0m[0m[31m[31m-- Error: /Users/nancymiller/jam/software/scalation/scalation_2.0/src/main/scala/scalation/database/table/LinHashMap.scala:175:7 [0m[0m[0m
[0m[[0m[31merror[0m] [0m[0m[31m175 |[0m     * @param bh      the [33mgiven[0m home bucket[0m
[0m[[0m[31merror[0m] [0m[0m[31m[31m    |[0m       ^[0m[0m
[0m[[0m[31merror[0m] [0m[0m[31m    |[0m       end of statement expected but '@' found[0m
[0m[[0m[31merror[0m] [0m[0m[31m[31m-- Error: /Users/nancymiller/jam/software/scalation/scalation_2.0/src/main/scala/scalation/database/table/LinHashMap.scala:176:7 [0m[0m[0m
[0m[[0m[31merror[0m] [0m[0m[31m176 |[0m     * @param by_get  whether [31m'find[0m' is called from [31m'get[0m' (performance monitored)[0m
[0m[[0m[31merror[0m] [0m[0m[31m[31m    |[0m       ^[0m[0m
[0m[[0m[31merror[0m] [0m[0m[31m    |[0m       end of statement expected but '@' found[0m
[0m[[0m[31merror[0m] [0m[0m[31m[31m-- Error: /Users/nancymiller/jam/software/scalation/scalation_2.0/src/main/scala/scalation/database/table/LinHashMap.scala:177:7 [0m[0m[0m
[0m[[0m[31merror[0m] [0m[0m[31m177 |[0m     * @[33mreturn[0m  the current value stored stored [33mfor[0m the key[0m
[0m[[0m[31merror[0m] [0m[0m[31m[31m    |[0m       ^[0m[0m
[0m[[0m[31merror[0m] [0m[0m[31m    |[0m       end of statement expected but '@' found[0m
[0m[[0m[31merror[0m] [0m[0m[31m[31m-- [E018] Syntax Error: /Users/nancymiller/jam/software/scalation/scalation_2.0/src/main/scala/scalation/database/table/LinHashMap.scala:190:58 [0m[0m[0m
[0m[[0m[31merror[0m] [0m[0m[31m190 |[0m     * Hash the key using the low resolution hash function.[0m
[0m[[0m[31merror[0m] [0m[0m[31m[31m    |[0m                                                          ^[0m[0m
[0m[[0m[31merror[0m] [0m[0m[31m    |[0m                                     expression expected but [31m'.'[0m found[0m
[0m[[0m[31merror[0m] [0m[0m[31m    |---------------------------------------------------------------------------[0m[0m
[0m[[0m[31merror[0m] [0m[0m[31m    |[0m Explanation (enabled by `-explain`)[0m
[0m[[0m[31merror[0m] [0m[0m[31m    |- - - - - - - - - - - - - - - - - - - - - - - - - - - - - - - - - - - - - -[0m[0m
[0m[[0m[31merror[0m] [0m[0m[31m    |[0m An expression cannot start with [31m'.'[0m.[0m
[0m[[0m[31merror[0m] [0m[0m[31m     ---------------------------------------------------------------------------[0m[0m
[0m[[0m[31merror[0m] [0m[0m[34mExplanation[0m[0m
[0m[[0m[31merror[0m] [0m[0m[34m===========[0m[0m
[0m[[0m[31merror[0m] [0m[0mAn expression cannot start with [31m'.'[0m.[0m
[0m[[0m[31merror[0m] [0m[0m[31m[31m-- Error: /Users/nancymiller/jam/software/scalation/scalation_2.0/src/main/scala/scalation/database/table/LinHashMap.scala:192:7 [0m[0m[0m
[0m[[0m[31merror[0m] [0m[0m[31m192 |[0m     * @[33mreturn[0m  the location of the bucket chain containing the key-value pair[0m
[0m[[0m[31merror[0m] [0m[0m[31m[31m    |[0m       ^[0m[0m
[0m[[0m[31merror[0m] [0m[0m[31m    |[0m       end of statement expected but '@' found[0m
[0m[[0m[31merror[0m] [0m[0m[31m[31m-- [E018] Syntax Error: /Users/nancymiller/jam/software/scalation/scalation_2.0/src/main/scala/scalation/database/table/LinHashMap.scala:197:59 [0m[0m[0m
[0m[[0m[31merror[0m] [0m[0m[31m197 |[0m     * Hash the key using the high resolution hash function.[0m
[0m[[0m[31merror[0m] [0m[0m[31m[31m    |[0m                                                           ^[0m[0m
[0m[[0m[31merror[0m] [0m[0m[31m    |[0m                                     expression expected but [31m'.'[0m found[0m
[0m[[0m[31merror[0m] [0m[0m[31m    |---------------------------------------------------------------------------[0m[0m
[0m[[0m[31merror[0m] [0m[0m[31m    |[0m Explanation (enabled by `-explain`)[0m
[0m[[0m[31merror[0m] [0m[0m[31m    |- - - - - - - - - - - - - - - - - - - - - - - - - - - - - - - - - - - - - -[0m[0m
[0m[[0m[31merror[0m] [0m[0m[31m    |[0m An expression cannot start with [31m'.'[0m.[0m
[0m[[0m[31merror[0m] [0m[0m[31m     ---------------------------------------------------------------------------[0m[0m
[0m[[0m[31merror[0m] [0m[0m[34mExplanation[0m[0m
[0m[[0m[31merror[0m] [0m[0m[34m===========[0m[0m
[0m[[0m[31merror[0m] [0m[0mAn expression cannot start with [31m'.'[0m.[0m
[0m[[0m[31merror[0m] [0m[0m[31m[31m-- Error: /Users/nancymiller/jam/software/scalation/scalation_2.0/src/main/scala/scalation/database/table/LinHashMap.scala:199:7 [0m[0m[0m
[0m[[0m[31merror[0m] [0m[0m[31m199 |[0m     * @[33mreturn[0m  the location of the bucket chain containing the key-value pair[0m
[0m[[0m[31merror[0m] [0m[0m[31m[31m    |[0m       ^[0m[0m
[0m[[0m[31merror[0m] [0m[0m[31m    |[0m       end of statement expected but '@' found[0m
[0m[[0m[31merror[0m] [0m[0m[31m[31m-- [E040] Syntax Error: /Users/nancymiller/jam/software/scalation/scalation_2.0/src/main/scala/scalation/database/table/LinHashMap.scala:216:18 [0m[0m[0m
[0m[[0m[31merror[0m] [0m[0m[31m216 |[0m    [33mval[0m [36mtotalKeys[0m [33mif[0m args.length == [31m1[0m [33mthen[0m totalKeys = args([31m0[0m).toInt [33melse[0m [31m40[0m[0m
[0m[[0m[31merror[0m] [0m[0m[31m[31m    |[0m                  ^^[0m[0m
[0m[[0m[31merror[0m] [0m[0m[31m    |[0m                  '=' expected, but 'if' found[0m
[0m[[0m[31merror[0m] [0m[0m[31m[31m-- [E040] Syntax Error: /Users/nancymiller/jam/software/scalation/scalation_2.0/src/main/scala/scalation/database/table/LinHashMap.scala:218:44 [0m[0m[0m
[0m[[0m[31merror[0m] [0m[0m[31m218 |[0m    [33mval[0m [36mht[0m = [33mnew[0m [35mLinHashMap[0m [[35mInt[0m, [35mInt[0m] (Int.[33mclass[0m, Int.[33mclass[0m)[0m
[0m[[0m[31merror[0m] [0m[0m[31m[31m    |[0m                                            ^^^^^[0m[0m
[0m[[0m[31merror[0m] [0m[0m[31m    |[0m                             an identifier expected, but 'class' found[0m
[0m[[0m[31merror[0m] [0m[0m[31m    |---------------------------------------------------------------------------[0m[0m
[0m[[0m[31merror[0m] [0m[0m[31m    |[0m Explanation (enabled by `-explain`)[0m
[0m[[0m[31merror[0m] [0m[0m[31m    |- - - - - - - - - - - - - - - - - - - - - - - - - - - - - - - - - - - - - -[0m[0m
[0m[[0m[31merror[0m] [0m[0m[31m    |[0m[0m
[0m[[0m[31merror[0m] [0m[0m[31m    |[0m If you want to use 'class' as identifier, you may put it in backticks: `class`.[0m
[0m[[0m[31merror[0m] [0m[0m[31m     ---------------------------------------------------------------------------[0m[0m
[0m[[0m[31merror[0m] [0m[0m[34mExplanation[0m[0m
[0m[[0m[31merror[0m] [0m[0m[34m===========[0m[0m
[0m[[0m[31merror[0m] [0m[0m[0m
[0m[[0m[31merror[0m] [0m[0mIf you want to use 'class' as identifier, you may put it in backticks: `class`.[0m
[0m[[0m[31merror[0m] [0m[0m[31m[31m-- [E040] Syntax Error: /Users/nancymiller/jam/software/scalation/scalation_2.0/src/main/scala/scalation/database/table/LinHashMap.scala:218:55 [0m[0m[0m
[0m[[0m[31merror[0m] [0m[0m[31m218 |[0m    [33mval[0m [36mht[0m = [33mnew[0m [35mLinHashMap[0m [[35mInt[0m, [35mInt[0m] (Int.[33mclass[0m, Int.[33mclass[0m)[0m
[0m[[0m[31merror[0m] [0m[0m[31m[31m    |[0m                                                       ^^^^^[0m[0m
[0m[[0m[31merror[0m] [0m[0m[31m    |[0m                             an identifier expected, but 'class' found[0m
[0m[[0m[31merror[0m] [0m[0m[31m    |---------------------------------------------------------------------------[0m[0m
[0m[[0m[31merror[0m] [0m[0m[31m    |[0m Explanation (enabled by `-explain`)[0m
[0m[[0m[31merror[0m] [0m[0m[31m    |- - - - - - - - - - - - - - - - - - - - - - - - - - - - - - - - - - - - - -[0m[0m
[0m[[0m[31merror[0m] [0m[0m[31m    |[0m[0m
[0m[[0m[31merror[0m] [0m[0m[31m    |[0m If you want to use 'class' as identifier, you may put it in backticks: `class`.[0m
[0m[[0m[31merror[0m] [0m[0m[31m     ---------------------------------------------------------------------------[0m[0m
[0m[[0m[31merror[0m] [0m[0m[34mExplanation[0m[0m
[0m[[0m[31merror[0m] [0m[0m[34m===========[0m[0m
[0m[[0m[31merror[0m] [0m[0m[0m
[0m[[0m[31merror[0m] [0m[0mIf you want to use 'class' as identifier, you may put it in backticks: `class`.[0m
[0m[[0m[31merror[0m] [0m[0m[31m[31m-- Error: /Users/nancymiller/jam/software/scalation/scalation_2.0/src/main/scala/scalation/database/table/LinHashMap.scala:228:73 [0m[0m[0m
[0m[[0m[31merror[0m] [0m[0m[31m228 |[0m    [33mfor[0m i <- [31m0[0m to totalKeys [33mdo[0m println ([31ms"key = [0m$i[31m, value = [0m${ht.get (i)})[0m
[0m[[0m[31merror[0m] [0m[0m[31m[31m    |[0m                                                                         ^[0m[0m
[0m[[0m[31merror[0m] [0m[0m[31m    |[0m                                               unclosed string literal[0m
[0m[[0m[31merror[0m] [0m[0m[31m[31m-- Error: /Users/nancymiller/jam/software/scalation/scalation_2.0/src/main/scala/scalation/database/table/LinHashMap.scala:229:13 [0m[0m[0m
[0m[[0m[31merror[0m] [0m[0m[31m229 |[0m    println ("- * 60)[0m
[0m[[0m[31merror[0m] [0m[0m[31m[31m    |[0m             ^[0m[0m
[0m[[0m[31merror[0m] [0m[0m[31m    |[0m             unclosed string literal[0m
[0m[[0m[0minfo[0m] [0m[0mshutting down sbt server[0m
