[0m[[0m[0mdebug[0m] [0m[0m> Exec(runMain scalation.database.table.tableTest, Some(2b053387-c511-46f0-8e9c-7e4147ee0ca2), Some(CommandSource(console0)))[0m
[0m[[0m[0mdebug[0m] [0m[0mEvaluating tasks: Compile / runMain[0m
[0m[[0m[0mdebug[0m] [0m[0mRunning task... Cancel: Signal, check cycles: false, forcegc: true[0m
[0m[[0m[0minfo[0m] [0m[0mcompiling 1 Scala source to /Users/nancymiller/jam/software/scalation/scalation_2.0/target/scala-3.1.3/classes ...[0m
[0m[[0m[31merror[0m] [0m[0m[31m[31m-- [E006] Not Found Error: /Users/nancymiller/jam/software/scalation/scalation_2.0/src/main/scala/scalation/database/Tabular.scala:453:40 [0m[0m[0m
[0m[[0m[31merror[0m] [0m[0m[31m453 |[0m    [33minline[0m [33mdef[0m [36m⋉[0m ([36mr2[0m: [35mT[0m): [35mT[0m = leftJoin (x, y, r2)[0m
[0m[[0m[31merror[0m] [0m[0m[31m[31m    |[0m                                        ^[0m[0m
[0m[[0m[31merror[0m] [0m[0m[31m    |[0m                                        Not found: x[0m
[0m[[0m[31merror[0m] [0m[0m[31m    |---------------------------------------------------------------------------[0m[0m
[0m[[0m[31merror[0m] [0m[0m[31m    |[0m Explanation (enabled by `-explain`)[0m
[0m[[0m[31merror[0m] [0m[0m[31m    |- - - - - - - - - - - - - - - - - - - - - - - - - - - - - - - - - - - - - -[0m[0m
[0m[[0m[31merror[0m] [0m[0m[31m    |[0m The identifier for `x` is not bound, that is,[0m
[0m[[0m[31merror[0m] [0m[0m[31m    |[0m no declaration for this identifier can be found.[0m
[0m[[0m[31merror[0m] [0m[0m[31m    |[0m That can happen, for example, if `x` or its declaration has either been[0m
[0m[[0m[31merror[0m] [0m[0m[31m    |[0m misspelt or if an import is missing.[0m
[0m[[0m[31merror[0m] [0m[0m[31m     ---------------------------------------------------------------------------[0m[0m
[0m[[0m[31merror[0m] [0m[0m[34mExplanation[0m[0m
[0m[[0m[31merror[0m] [0m[0m[34m===========[0m[0m
[0m[[0m[31merror[0m] [0m[0mThe identifier for `x` is not bound, that is,[0m
[0m[[0m[31merror[0m] [0m[0mno declaration for this identifier can be found.[0m
[0m[[0m[31merror[0m] [0m[0mThat can happen, for example, if `x` or its declaration has either been[0m
[0m[[0m[31merror[0m] [0m[0mmisspelt or if an import is missing.[0m
[0m[[0m[31merror[0m] [0m[0m[31m[31m-- [E006] Not Found Error: /Users/nancymiller/jam/software/scalation/scalation_2.0/src/main/scala/scalation/database/Tabular.scala:453:43 [0m[0m[0m
[0m[[0m[31merror[0m] [0m[0m[31m453 |[0m    [33minline[0m [33mdef[0m [36m⋉[0m ([36mr2[0m: [35mT[0m): [35mT[0m = leftJoin (x, y, r2)[0m
[0m[[0m[31merror[0m] [0m[0m[31m[31m    |[0m                                           ^[0m[0m
[0m[[0m[31merror[0m] [0m[0m[31m    |[0m                                           Not found: y[0m
[0m[[0m[31merror[0m] [0m[0m[31m    |---------------------------------------------------------------------------[0m[0m
[0m[[0m[31merror[0m] [0m[0m[31m    |[0m Explanation (enabled by `-explain`)[0m
[0m[[0m[31merror[0m] [0m[0m[31m    |- - - - - - - - - - - - - - - - - - - - - - - - - - - - - - - - - - - - - -[0m[0m
[0m[[0m[31merror[0m] [0m[0m[31m    |[0m The identifier for `y` is not bound, that is,[0m
[0m[[0m[31merror[0m] [0m[0m[31m    |[0m no declaration for this identifier can be found.[0m
[0m[[0m[31merror[0m] [0m[0m[31m    |[0m That can happen, for example, if `y` or its declaration has either been[0m
[0m[[0m[31merror[0m] [0m[0m[31m    |[0m misspelt or if an import is missing.[0m
[0m[[0m[31merror[0m] [0m[0m[31m     ---------------------------------------------------------------------------[0m[0m
[0m[[0m[31merror[0m] [0m[0m[34mExplanation[0m[0m
[0m[[0m[31merror[0m] [0m[0m[34m===========[0m[0m
[0m[[0m[31merror[0m] [0m[0mThe identifier for `y` is not bound, that is,[0m
[0m[[0m[31merror[0m] [0m[0mno declaration for this identifier can be found.[0m
[0m[[0m[31merror[0m] [0m[0mThat can happen, for example, if `y` or its declaration has either been[0m
[0m[[0m[31merror[0m] [0m[0mmisspelt or if an import is missing.[0m
[0m[[0m[31merror[0m] [0m[0m[31m[31m-- [E006] Not Found Error: /Users/nancymiller/jam/software/scalation/scalation_2.0/src/main/scala/scalation/database/Tabular.scala:478:41 [0m[0m[0m
[0m[[0m[31merror[0m] [0m[0m[31m478 |[0m    [33minline[0m [33mdef[0m [36m⋊[0m ([36mr2[0m: [35mT[0m): [35mT[0m = rightJoin (x, y, r2)[0m
[0m[[0m[31merror[0m] [0m[0m[31m[31m    |[0m                                         ^[0m[0m
[0m[[0m[31merror[0m] [0m[0m[31m    |[0m                                         Not found: x[0m
[0m[[0m[31merror[0m] [0m[0m[31m    |---------------------------------------------------------------------------[0m[0m
[0m[[0m[31merror[0m] [0m[0m[31m    |[0m Explanation (enabled by `-explain`)[0m
[0m[[0m[31merror[0m] [0m[0m[31m    |- - - - - - - - - - - - - - - - - - - - - - - - - - - - - - - - - - - - - -[0m[0m
[0m[[0m[31merror[0m] [0m[0m[31m    |[0m The identifier for `x` is not bound, that is,[0m
[0m[[0m[31merror[0m] [0m[0m[31m    |[0m no declaration for this identifier can be found.[0m
[0m[[0m[31merror[0m] [0m[0m[31m    |[0m That can happen, for example, if `x` or its declaration has either been[0m
[0m[[0m[31merror[0m] [0m[0m[31m    |[0m misspelt or if an import is missing.[0m
[0m[[0m[31merror[0m] [0m[0m[31m     ---------------------------------------------------------------------------[0m[0m
[0m[[0m[31merror[0m] [0m[0m[34mExplanation[0m[0m
[0m[[0m[31merror[0m] [0m[0m[34m===========[0m[0m
[0m[[0m[31merror[0m] [0m[0mThe identifier for `x` is not bound, that is,[0m
[0m[[0m[31merror[0m] [0m[0mno declaration for this identifier can be found.[0m
[0m[[0m[31merror[0m] [0m[0mThat can happen, for example, if `x` or its declaration has either been[0m
[0m[[0m[31merror[0m] [0m[0mmisspelt or if an import is missing.[0m
[0m[[0m[31merror[0m] [0m[0m[31m[31m-- [E006] Not Found Error: /Users/nancymiller/jam/software/scalation/scalation_2.0/src/main/scala/scalation/database/Tabular.scala:478:44 [0m[0m[0m
[0m[[0m[31merror[0m] [0m[0m[31m478 |[0m    [33minline[0m [33mdef[0m [36m⋊[0m ([36mr2[0m: [35mT[0m): [35mT[0m = rightJoin (x, y, r2)[0m
[0m[[0m[31merror[0m] [0m[0m[31m[31m    |[0m                                            ^[0m[0m
[0m[[0m[31merror[0m] [0m[0m[31m    |[0m                                            Not found: y[0m
[0m[[0m[31merror[0m] [0m[0m[31m    |---------------------------------------------------------------------------[0m[0m
[0m[[0m[31merror[0m] [0m[0m[31m    |[0m Explanation (enabled by `-explain`)[0m
[0m[[0m[31merror[0m] [0m[0m[31m    |- - - - - - - - - - - - - - - - - - - - - - - - - - - - - - - - - - - - - -[0m[0m
[0m[[0m[31merror[0m] [0m[0m[31m    |[0m The identifier for `y` is not bound, that is,[0m
[0m[[0m[31merror[0m] [0m[0m[31m    |[0m no declaration for this identifier can be found.[0m
[0m[[0m[31merror[0m] [0m[0m[31m    |[0m That can happen, for example, if `y` or its declaration has either been[0m
[0m[[0m[31merror[0m] [0m[0m[31m    |[0m misspelt or if an import is missing.[0m
[0m[[0m[31merror[0m] [0m[0m[31m     ---------------------------------------------------------------------------[0m[0m
[0m[[0m[31merror[0m] [0m[0m[34mExplanation[0m[0m
[0m[[0m[31merror[0m] [0m[0m[34m===========[0m[0m
[0m[[0m[31merror[0m] [0m[0mThe identifier for `y` is not bound, that is,[0m
[0m[[0m[31merror[0m] [0m[0mno declaration for this identifier can be found.[0m
[0m[[0m[31merror[0m] [0m[0mThat can happen, for example, if `y` or its declaration has either been[0m
[0m[[0m[31merror[0m] [0m[0mmisspelt or if an import is missing.[0m
[0m[[0m[31merror[0m] [0m[0mfour errors found[0m
[0m[[0m[31merror[0m] [0m[0m(Compile / [31mcompileIncremental[0m) Compilation failed[0m
[0m[[0m[31merror[0m] [0m[0mTotal time: 2 s, completed Jul 31, 2022, 10:52:20 PM[0m
[0m[[0m[0mdebug[0m] [0m[0m> Exec(shell, None, None)[0m
