[0m[[0m[0mdebug[0m] [0m[0m> Exec(compile, Some(65011ebd-3e63-4c49-8f87-7a517a7654a7), Some(CommandSource(console0)))[0m
[0m[[0m[0mdebug[0m] [0m[0mEvaluating tasks: Compile / compile[0m
[0m[[0m[0mdebug[0m] [0m[0mRunning task... Cancel: Signal, check cycles: false, forcegc: true[0m
[0m[[0m[0minfo[0m] [0m[0mcompiling 1 Scala source to /Users/nancymiller/jam/software/scalation/scalation_2.0/target/scala-3.1.3/classes ...[0m
[0m[[0m[31merror[0m] [0m[0m[31m[31m-- [E018] Syntax Error: /Users/nancymiller/jam/software/scalation/scalation_2.0/src/main/scala/scalation/database/table/Table.scala:779:40 [0m[0m[0m
[0m[[0m[31merror[0m] [0m[0m[31m779 |[0m    [33mval[0m [36mloan[0m     = Table ([31mLoean", "[0mbname, loanno, cname, [31mamount", "[0mS, I, S, [31mD", "loanno[0m")[0m
[0m[[0m[31merror[0m] [0m[0m[31m[31m    |[0m                                        ^[0m[0m
[0m[[0m[31merror[0m] [0m[0m[31m    |[0m                                     expression expected but [31m','[0m found[0m
[0m[[0m[31merror[0m] [0m[0m[31m    |---------------------------------------------------------------------------[0m[0m
[0m[[0m[31merror[0m] [0m[0m[31m    |[0m Explanation (enabled by `-explain`)[0m
[0m[[0m[31merror[0m] [0m[0m[31m    |- - - - - - - - - - - - - - - - - - - - - - - - - - - - - - - - - - - - - -[0m[0m
[0m[[0m[31merror[0m] [0m[0m[31m    |[0m An expression cannot start with [31m','[0m.[0m
[0m[[0m[31merror[0m] [0m[0m[31m     ---------------------------------------------------------------------------[0m[0m
[0m[[0m[31merror[0m] [0m[0m[34mExplanation[0m[0m
[0m[[0m[31merror[0m] [0m[0m[34m===========[0m[0m
[0m[[0m[31merror[0m] [0m[0mAn expression cannot start with [31m','[0m.[0m
[0m[[0m[31merror[0m] [0m[0m[31m[31m-- [E018] Syntax Error: /Users/nancymiller/jam/software/scalation/scalation_2.0/src/main/scala/scalation/database/table/Table.scala:779:68 [0m[0m[0m
[0m[[0m[31merror[0m] [0m[0m[31m779 |[0m    [33mval[0m [36mloan[0m     = Table ([31mLoean", "[0mbname, loanno, cname, [31mamount", "[0mS, I, S, [31mD", "loanno[0m")[0m
[0m[[0m[31merror[0m] [0m[0m[31m[31m    |[0m                                                                    ^[0m[0m
[0m[[0m[31merror[0m] [0m[0m[31m    |[0m                                     expression expected but [31m','[0m found[0m
[0m[[0m[31merror[0m] [0m[0m[31m    |---------------------------------------------------------------------------[0m[0m
[0m[[0m[31merror[0m] [0m[0m[31m    |[0m Explanation (enabled by `-explain`)[0m
[0m[[0m[31merror[0m] [0m[0m[31m    |- - - - - - - - - - - - - - - - - - - - - - - - - - - - - - - - - - - - - -[0m[0m
[0m[[0m[31merror[0m] [0m[0m[31m    |[0m An expression cannot start with [31m','[0m.[0m
[0m[[0m[31merror[0m] [0m[0m[31m     ---------------------------------------------------------------------------[0m[0m
[0m[[0m[31merror[0m] [0m[0m[34mExplanation[0m[0m
[0m[[0m[31merror[0m] [0m[0m[34m===========[0m[0m
[0m[[0m[31merror[0m] [0m[0mAn expression cannot start with [31m','[0m.[0m
[0m[[0m[31merror[0m] [0m[0m[31m[31m-- [E040] Syntax Error: /Users/nancymiller/jam/software/scalation/scalation_2.0/src/main/scala/scalation/database/table/Table.scala:779:81 [0m[0m[0m
[0m[[0m[31merror[0m] [0m[0m[31m779 |[0m    [33mval[0m [36mloan[0m     = Table ([31mLoean", "[0mbname, loanno, cname, [31mamount", "[0mS, I, S, [31mD", "loanno[0m")[0m
[0m[[0m[31merror[0m] [0m[0m[31m[31m    |[0m                                                                                 ^^^^^^[0m[0m
[0m[[0m[31merror[0m] [0m[0m[31m    |[0m                           ')' expected, but string interpolator found[0m
[0m[[0m[33mwarn[0m] [0m[0mCanceling execution...[0m
[0m[[0m[33mwarn[0m] [0m[0mCanceling execution...[0m
[0m[[0m[33mwarn[0m] [0m[0mCanceling execution...[0m
[0m[[0m[33mwarn[0m] [0m[0mCanceling execution...[0m
[0m[[0m[33mwarn[0m] [0m[0mCanceling execution...[0m
[0m[[0m[0minfo[0m] [0m[0mshutting down sbt server[0m
