[0m[[0m[0mdebug[0m] [0m[0m> Exec(runMain scalation.modeling.predictorTest, Some(fa1fba45-27cd-497d-9b4f-0209a07964d5), Some(CommandSource(console0)))[0m
[0m[[0m[0mdebug[0m] [0m[0mEvaluating tasks: Compile / runMain[0m
[0m[[0m[0mdebug[0m] [0m[0mRunning task... Cancel: Signal, check cycles: false, forcegc: true[0m
[0m[[0m[0minfo[0m] [0m[0mcompiling 11 Scala sources to /Users/nancymiller/jam/software/scalation/scalation_2.0/target/scala-3.1.1-RC2/classes ...[0m
[0m[[0m[31merror[0m] [0m[0m[31m-- [E008] Not Found Error: /Users/nancymiller/jam/software/scalation/scalation_2.0/src/main/scala/scalation/modeling/KNN_Regression.scala:108:20 [0m[0m
[0m[[0m[31merror[0m] [0m[0m[31m108 |[0m        [33mval[0m [36myp[0m = xe.map (predictNoSpy (_, x_))                      [34m// make predictions[0m[0m
[0m[[0m[31merror[0m] [0m[0m    |                 [31m^^^^^^[0m[0m
[0m[[0m[31merror[0m] [0m[0m    |value map is not a member of scalation.mathstat.MatrixD - did you mean xe.max?[0m
[0m[[0m[31merror[0m] [0m[0m[31m-- [E134] Type Error: /Users/nancymiller/jam/software/scalation/scalation_2.0/src/main/scala/scalation/modeling/KNN_Regression.scala:154:36 [0m[0m
[0m[[0m[31merror[0m] [0m[0m[31m154 |[0m        [33mval[0m [36mqof[0m = testNoSpy (x_e, x.not(idx))._2                                         [34m// test on test-set and get QoF measures[0m[0m
[0m[[0m[31merror[0m] [0m[0m    |                                  [31m^^^^^[0m[0m
[0m[[0m[31merror[0m] [0m[0m    |None of the overloaded alternatives of [33mmethod[0m [35mnot[0m in [33mclass[0m [35mMatrixD[0m with types[0m
[0m[[0m[31merror[0m] [0m[0m    | (all: Char, j: Int): scalation.mathstat.MatrixD[0m
[0m[[0m[31merror[0m] [0m[0m    | (idx: scala.collection.mutable.IndexedSeq[Int]): scalation.mathstat.MatrixD[0m
[0m[[0m[31merror[0m] [0m[0m    | (i: Int): scalation.mathstat.MatrixD[0m
[0m[[0m[31merror[0m] [0m[0m    |match arguments ((idx : IndexedSeq[Int]))[0m
[0m[[0m[31merror[0m] [0m[0mtwo errors found[0m
[0m[[0m[31merror[0m] [0m[0mtwo errors found[0m
[0m[[0m[31merror[0m] [0m[0m(Compile / [31mcompileIncremental[0m) Compilation failed[0m
[0m[[0m[31merror[0m] [0m[0mTotal time: 1 s, completed Jan 3, 2022, 1:03:11 AM[0m
[0m[[0m[0mdebug[0m] [0m[0m> Exec(shell, None, None)[0m
[0m[[0m[0mdebug[0m] [0m[0mForcing garbage collection...[0m
