[0m[[0m[0mdebug[0m] [0m[0m> Exec(compile, Some(24a15f33-d149-4b33-9c54-0fbf7cc40260), Some(CommandSource(console0)))[0m
[0m[[0m[0mdebug[0m] [0m[0mEvaluating tasks: Compile / compile[0m
[0m[[0m[0mdebug[0m] [0m[0mRunning task... Cancel: Signal, check cycles: false, forcegc: true[0m
[0m[[0m[0minfo[0m] [0m[0mcompiling 2 Scala sources to /Users/nancymiller/jam/software/scalation/scalation_2.0/target/scala-3.1.1/classes ...[0m
[0m[[0m[31merror[0m] [0m[0m[31m-- [E103] Syntax Error: /Users/nancymiller/jam/software/scalation/scalation_2.0/src/main/scala/scalation/modeling/classifying/LogisticRegression.scala:198:0 [0m[0m
[0m[[0m[31merror[0m] [0m[0m[31m198 |[0m"""[0m
[0m[[0m[31merror[0m] [0m[0m    |[31m^[0m[0m
[0m[[0m[31merror[0m] [0m[0m    |Illegal start of toplevel definition[0m
[0m[[0m[31merror[0m] [0m[0m[31m-- [E103] Syntax Error: /Users/nancymiller/jam/software/scalation/scalation_2.0/src/main/scala/scalation/modeling/classifying/LogisticRegression.scala:225:0 [0m[0m
[0m[[0m[31merror[0m] [0m[0m[31m225 |[0moend LogisticRegression[0m
[0m[[0m[31merror[0m] [0m[0m    |[31m^^^^[0m[0m
[0m[[0m[31merror[0m] [0m[0m    |Illegal start of toplevel definition[0m
[0m[[0m[31merror[0m] [0m[0m[31m-- [E006] Not Found Error: /Users/nancymiller/jam/software/scalation/scalation_2.0/src/main/scala/scalation/modeling/classifying/LogisticRegression.scala:51:30 [0m[0m
[0m[[0m[31merror[0m] [0m[0m[31m51 |[0m    [33mprivate[0m [33mval[0m r_df       = (n-[31m1.0[0m) / (n-k-[31m1.0[0m)                         [34m// ratio of degrees of freedom[0m[0m
[0m[[0m[31merror[0m] [0m[0m   |                              [31m^[0m[0m
[0m[[0m[31merror[0m] [0m[0m   |                              Not found: n[0m
[0m[[0m[31merror[0m] [0m[0m[31m-- [E006] Not Found Error: /Users/nancymiller/jam/software/scalation/scalation_2.0/src/main/scala/scalation/modeling/classifying/LogisticRegression.scala:52:19 [0m[0m
[0m[[0m[31merror[0m] [0m[0m[31m52 |[0m    [33mprivate[0m [33mvar[0m b: VectoD  = [31mnull[0m                                        [34m// parameter vector (b_0, b_1, ... b_k)[0m[0m
[0m[[0m[31merror[0m] [0m[0m   |                   [31m^^^^^^[0m[0m
[0m[[0m[31merror[0m] [0m[0m   |                   Not found: type VectoD[0m
[0m[[0m[31merror[0m] [0m[0m[31m-- [E007] Type Mismatch Error: /Users/nancymiller/jam/software/scalation/scalation_2.0/src/main/scala/scalation/modeling/classifying/LogisticRegression.scala:131:27 [0m[0m
[0m[[0m[31merror[0m] [0m[0m[31m131 |[0m        n_dev   = ll_null (b_n)                                          [34m// measure of fitness for null model[0m[0m
[0m[[0m[31merror[0m] [0m[0m    |                           [31m^^^[0m[0m
[0m[[0m[31merror[0m] [0m[0m    |                      Found:    (b_n : scalation.optimization.FuncVec)[0m
[0m[[0m[31merror[0m] [0m[0m    |                      Required: scalation.mathstat.VectorD[0m
[0m[[0m[31merror[0m] [0m[0m[31m-- Error: /Users/nancymiller/jam/software/scalation/scalation_2.0/src/main/scala/scalation/modeling/classifying/LogisticRegression.scala:197:38 [0m[0m
[0m[[0m[31merror[0m] [0m[0m[31m197 |[0m    [33moverride[0m [33mdef[0m help: String = [33msuper[0m.help +[0m
[0m[[0m[31merror[0m] [0m[0m    |                                [31m^^^^^^^^^^[0m[0m
[0m[[0m[31merror[0m] [0m[0m    |postfix operator `+` needs to be enabled[0m
[0m[[0m[31merror[0m] [0m[0m    |by making the implicit value scala.language.postfixOps visible.[0m
[0m[[0m[31merror[0m] [0m[0m    |----[0m
[0m[[0m[31merror[0m] [0m[0m    |This can be achieved by adding the import clause 'import scala.language.postfixOps'[0m
[0m[[0m[31merror[0m] [0m[0m    |or by setting the compiler option -language:postfixOps.[0m
[0m[[0m[31merror[0m] [0m[0m    |See the Scaladoc for value scala.language.postfixOps for a discussion[0m
[0m[[0m[31merror[0m] [0m[0m    |why the feature needs to be explicitly enabled.[0m
[0m[[0m[31merror[0m] [0m[0m[31m-- [E008] Not Found Error: /Users/nancymiller/jam/software/scalation/scalation_2.0/src/main/scala/scalation/modeling/classifying/LogisticRegression.scala:239:31 [0m[0m
[0m[[0m[31merror[0m] [0m[0m[31m239 |[0m    [33mval[0m [36mx[0m  = Example_MTcars.xy.sliceCol ([31m0[0m, [31m2[0m)[0m
[0m[[0m[31merror[0m] [0m[0m    |             [31m^^^^^^^^^^^^^^^^^^^^^^^^^^[0m[0m
[0m[[0m[31merror[0m] [0m[0m    |          value sliceCol is not a member of scalation.mathstat.MatrixD[0m
[0m[[0m[31merror[0m] [0m[0m[31m-- [E008] Not Found Error: /Users/nancymiller/jam/software/scalation/scalation_2.0/src/main/scala/scalation/modeling/classifying/LogisticRegression.scala:240:31 [0m[0m
[0m[[0m[31merror[0m] [0m[0m[31m240 |[0m    [33mval[0m [36mx1[0m = Example_MTcars.xy.col ([31m1[0m)[0m
[0m[[0m[31merror[0m] [0m[0m    |             [31m^^^^^^^^^^^^^^^^^^^^^[0m[0m
[0m[[0m[31merror[0m] [0m[0m    |value col is not a member of scalation.mathstat.MatrixD - did you mean xy.cos?[0m
[0m[[0m[31merror[0m] [0m[0m[31m-- [E008] Not Found Error: /Users/nancymiller/jam/software/scalation/scalation_2.0/src/main/scala/scalation/modeling/classifying/LogisticRegression.scala:241:31 [0m[0m
[0m[[0m[31merror[0m] [0m[0m[31m241 |[0m    [33mval[0m [36my[0m  = Example_MTcars.xy.col ([31m2[0m).toInt[0m
[0m[[0m[31merror[0m] [0m[0m    |             [31m^^^^^^^^^^^^^^^^^^^^^[0m[0m
[0m[[0m[31merror[0m] [0m[0m    |value col is not a member of scalation.mathstat.MatrixD - did you mean xy.cos?[0m
[0m[[0m[31merror[0m] [0m[0m[31m-- Error: /Users/nancymiller/jam/software/scalation/scalation_2.0/src/main/scala/scalation/modeling/classifying/LogisticRegression.scala:251:18 [0m[0m
[0m[[0m[31merror[0m] [0m[0m[31m251 |[0m    lrg.confusion (yp)                                    [34m// create confusion matrix and QoF measures[0m[0m
[0m[[0m[31merror[0m] [0m[0m    |    [31m^^^^^^^^^^^^^^^^^^[0m[0m
[0m[[0m[31merror[0m] [0m[0m    |missing argument for parameter yp of [33mmethod[0m [35mconfusion[0m in [33mtrait[0m [35mFitC[0m: (y_: scalation.mathstat.VectorI, yp: scalation.mathstat.VectorI): [0m
[0m[[0m[31merror[0m] [0m[0m    |  scalation.modeling.MatrixI[0m
[0m[[0m[31merror[0m] [0m[0m[31m-- [E007] Type Mismatch Error: /Users/nancymiller/jam/software/scalation/scalation_2.0/src/main/scala/scalation/modeling/classifying/LogisticRegression.scala:256:30 [0m[0m
[0m[[0m[31merror[0m] [0m[0m[31m256 |[0m    println (lrg.summary (lrg.parameter))[0m
[0m[[0m[31merror[0m] [0m[0m    |                          [31m^^^^^^^^^^^^^[0m[0m
[0m[[0m[31merror[0m] [0m[0m    |                          Found:    scalation.mathstat.[1m[31mVectorD[0m[0m
[0m[[0m[31merror[0m] [0m[0m    |                          Required: scalation.mathstat.[1m[32mMatrixD[0m[0m
[0m[[0m[31merror[0m] [0m[0m[31m-- [E007] Type Mismatch Error: /Users/nancymiller/jam/software/scalation/scalation_2.0/src/main/scala/scalation/modeling/classifying/LogisticRegression.scala:277:25 [0m[0m
[0m[[0m[31merror[0m] [0m[0m[31m277 |[0m    [33mval[0m [36mx[0m = [33mnew[0m [35mMatrixD[0m (([31m40[0m, [31m4[0m), [31m1.0[0m,  [31m102.0[0m,   [31m89.0[0m,    [31m0.0,[0m[0m
[0m[[0m[31merror[0m] [0m[0m    |                         [31m^^^^^^^[0m[0m
[0m[[0m[31merror[0m] [0m[0m    |                         Found:    (Int, Int)[0m
[0m[[0m[31merror[0m] [0m[0m    |                         Required: Int[0m
[0m[[0m[31merror[0m] [0m[0m[31m-- [E007] Type Mismatch Error: /Users/nancymiller/jam/software/scalation/scalation_2.0/src/main/scala/scalation/modeling/classifying/LogisticRegression.scala:277:34 [0m[0m
[0m[[0m[31merror[0m] [0m[0m[31m277 |[0m    [33mval[0m [36mx[0m = [33mnew[0m [35mMatrixD[0m (([31m40[0m, [31m4[0m), [31m1.0[0m,  [31m102.0[0m,   [31m89.0[0m,    [31m0.0,[0m[0m
[0m[[0m[31merror[0m] [0m[0m    |                                  [31m^^^[0m[0m
[0m[[0m[31merror[0m] [0m[0m    |                                  Found:    ([31m1.0d[0m : Double)[0m
[0m[[0m[31merror[0m] [0m[0m    |                                  Required: Int[0m
[0m[[0m[31merror[0m] [0m[0m[31m-- [E007] Type Mismatch Error: /Users/nancymiller/jam/software/scalation/scalation_2.0/src/main/scala/scalation/modeling/classifying/LogisticRegression.scala:277:40 [0m[0m
[0m[[0m[31merror[0m] [0m[0m[31m277 |[0m    [33mval[0m [36mx[0m = [33mnew[0m [35mMatrixD[0m (([31m40[0m, [31m4[0m), [31m1.0[0m,  [31m102.0[0m,   [31m89.0[0m,    [31m0.0,[0m[0m
[0m[[0m[31merror[0m] [0m[0m    |                                        [31m^^^^^[0m[0m
[0m[[0m[31merror[0m] [0m[0m    |                                        Found:    ([31m102.0d[0m : Double)[0m
[0m[[0m[31merror[0m] [0m[0m    |                                        Required: Array[Array[Double]][0m
[0m[[0m[31merror[0m] [0m[0m[31m-- Error: /Users/nancymiller/jam/software/scalation/scalation_2.0/src/main/scala/scalation/modeling/classifying/LogisticRegression.scala:277:49 [0m[0m
[0m[[0m[31merror[0m] [0m[0m[31m277 |[0m    [33mval[0m [36mx[0m = [33mnew[0m [35mMatrixD[0m (([31m40[0m, [31m4[0m), [31m1.0[0m,  [31m102.0[0m,   [31m89.0[0m,    [31m0.0,[0m[0m
[0m[[0m[31merror[0m] [0m[0m    |                                                 [31m^^^^[0m[0m
[0m[[0m[31merror[0m] [0m[0m    |too many arguments for [33mconstructor[0m [35mMatrixD[0m in [33mclass[0m [35mMatrixD[0m: (dim: Int, dim2: Int, v: Array[Array[Double]]): scalation.mathstat.MatrixD[0m
[0m[[0m[31merror[0m] [0m[0m[31m-- Error: /Users/nancymiller/jam/software/scalation/scalation_2.0/src/main/scala/scalation/modeling/classifying/LogisticRegression.scala:331:18 [0m[0m
[0m[[0m[31merror[0m] [0m[0m[31m331 |[0m    lrg.confusion (yp)                                     [34m// create confusion matrix and QoF measures[0m[0m
[0m[[0m[31merror[0m] [0m[0m    |    [31m^^^^^^^^^^^^^^^^^^[0m[0m
[0m[[0m[31merror[0m] [0m[0m    |missing argument for parameter yp of [33mmethod[0m [35mconfusion[0m in [33mtrait[0m [35mFitC[0m: (y_: scalation.mathstat.VectorI, yp: scalation.mathstat.VectorI): [0m
[0m[[0m[31merror[0m] [0m[0m    |  scalation.modeling.MatrixI[0m
[0m[[0m[31merror[0m] [0m[0m[31m-- [E007] Type Mismatch Error: /Users/nancymiller/jam/software/scalation/scalation_2.0/src/main/scala/scalation/modeling/classifying/LogisticRegression.scala:336:30 [0m[0m
[0m[[0m[31merror[0m] [0m[0m[31m336 |[0m    println (lrg.summary (lrg.parameter))[0m
[0m[[0m[31merror[0m] [0m[0m    |                          [31m^^^^^^^^^^^^^[0m[0m
[0m[[0m[31merror[0m] [0m[0m    |                          Found:    scalation.mathstat.[1m[31mVectorD[0m[0m
[0m[[0m[31merror[0m] [0m[0m    |                          Required: scalation.mathstat.[1m[32mMatrixD[0m[0m
[0m[[0m[31merror[0m] [0m[0m17 errors found[0m
[0m[[0m[31merror[0m] [0m[0m17 errors found[0m
[0m[[0m[0mdebug[0m] [0m[0mForcing garbage collection...[0m
[0m[[0m[31merror[0m] [0m[0m(Compile / [31mcompileIncremental[0m) Compilation failed[0m
[0m[[0m[31merror[0m] [0m[0mTotal time: 7 s, completed Apr 7, 2022, 12:22:59 AM[0m
[0m[[0m[0mdebug[0m] [0m[0m> Exec(shell, None, None)[0m
