[0m[[0m[0mdebug[0m] [0m[0m> Exec(runMain scalation.database.table.vTableTest2, Some(0ff36a42-e976-4c8a-a21a-f20e4e500697), Some(CommandSource(console0)))[0m
[0m[[0m[0mdebug[0m] [0m[0mEvaluating tasks: Compile / runMain[0m
[0m[[0m[0mdebug[0m] [0m[0mRunning task... Cancel: Signal, check cycles: false, forcegc: true[0m
[0m[[0m[0minfo[0m] [0m[0mcompiling 1 Scala source to /Users/nancymiller/jam/software/scalation/scalation_2.0/target/scala-3.1.3/classes ...[0m
[0m[[0m[31merror[0m] [0m[0m[31m[31m-- Error: /Users/nancymiller/jam/software/scalation/scalation_2.0/src/main/scala/scalation/database/table/VTable.scala:263:37 [0m[0m[0m
[0m[[0m[31merror[0m] [0m[0m[31m263 |[0m        println ([31ms"x = [0m${stringOf (x)")[0m
[0m[[0m[31merror[0m] [0m[0m[31m[31m    |[0m                                     ^[0m[0m
[0m[[0m[31merror[0m] [0m[0m[31m    |[0m                                     unclosed string literal[0m
[0m[[0m[31merror[0m] [0m[0m[31m[31m-- Error: /Users/nancymiller/jam/software/scalation/scalation_2.0/src/main/scala/scalation/database/table/VTable.scala:264:47 [0m[0m[0m
[0m[[0m[31merror[0m] [0m[0m[31m264 |[0m        println ([31ms"schema = [0m${stringOf (schema)")[0m
[0m[[0m[31merror[0m] [0m[0m[31m[31m    |[0m                                               ^[0m[0m
[0m[[0m[31merror[0m] [0m[0m[31m    |[0m                                               unclosed string literal[0m
[0m[[0m[31merror[0m] [0m[0m[31m[31m-- Error: /Users/nancymiller/jam/software/scalation/scalation_2.0/src/main/scala/scalation/database/table/VTable.scala:265:39 [0m[0m[0m
[0m[[0m[31merror[0m] [0m[0m[31m265 |[0m        println ([31ms"x1 = [0m${stringOf (x1)")[0m
[0m[[0m[31merror[0m] [0m[0m[31m[31m    |[0m                                       ^[0m[0m
[0m[[0m[31merror[0m] [0m[0m[31m    |[0m                                       unclosed string literal[0m
[0m[[0m[33mwarn[0m] [0m[0mCanceling execution...[0m
[0m[[0m[33mwarn[0m] [0m[0mCanceling execution...[0m
[0m[[0m[33mwarn[0m] [0m[0mCanceling execution...[0m
[0m[[0m[33mwarn[0m] [0m[0mCanceling execution...[0m
[0m[[0m[33mwarn[0m] [0m[0mCanceling execution...[0m
[0m[[0m[33mwarn[0m] [0m[0mCanceling execution...[0m
[0m[[0m[0minfo[0m] [0m[0mshutting down sbt server[0m
