[0m[[0m[0mdebug[0m] [0m[0m> Exec(compile, Some(abc3dc6f-e11a-43c1-82ac-ef53a034c82a), Some(CommandSource(console0)))[0m
[0m[[0m[0mdebug[0m] [0m[0mEvaluating tasks: Compile / compile[0m
[0m[[0m[0mdebug[0m] [0m[0mRunning task... Cancel: Signal, check cycles: false, forcegc: true[0m
[0m[[0m[0minfo[0m] [0m[0mcompiling 2 Scala sources to /Users/nancymiller/jam/software/scalation/scalation_2.0/target/scala-3.1.3/classes ...[0m
[0m[[0m[31merror[0m] [0m[0m[31m[31m-- [E040] Syntax Error: /Users/nancymiller/jam/software/scalation/scalation_2.0/src/main/scala/scalation/database/table/LinHashMap.scala:39:78 [0m[0m[0m
[0m[[0m[31merror[0m] [0m[0m[31m39 |[0m        [33mval[0m [36mkey[0m   = Array.newInstance (classK, SLOTS).asInstanceOf [[35mArray[0m [[35mK[0m]])[0m
[0m[[0m[31merror[0m] [0m[0m[31m[31m   |[0m                                                                              ^[0m[0m
[0m[[0m[31merror[0m] [0m[0m[31m   |[0m                                             eof expected, but ')' found[0m
[0m[[0m[31merror[0m] [0m[0m[31m[31m-- [E008] Not Found Error: /Users/nancymiller/jam/software/scalation/scalation_2.0/src/main/scala/scalation/database/table/LinHashMap.scala:39:26 [0m[0m[0m
[0m[[0m[31merror[0m] [0m[0m[31m39 |[0m        [33mval[0m [36mkey[0m   = Array.newInstance (classK, SLOTS).asInstanceOf [[35mArray[0m [[35mK[0m]])[0m
[0m[[0m[31merror[0m] [0m[0m[31m[31m   |[0m                    ^^^^^^^^^^^^^^^^^[0m[0m
[0m[[0m[31merror[0m] [0m[0m[31m   |[0m                    value newInstance is not a member of object Array[0m
[0m[[0m[31merror[0m] [0m[0m[31m[31m-- [E007] Type Mismatch Error: /Users/nancymiller/jam/software/scalation/scalation_2.0/src/main/scala/scalation/database/table/LinHashMap.scala:38:26 [0m[0m[0m
[0m[[0m[31merror[0m] [0m[0m[31m38 |[0m        @[35mSuppressWarnings[0m([31m"unchecked"[0m)[0m
[0m[[0m[31merror[0m] [0m[0m[31m[31m   |[0m                          ^^^^^^^^^^^[0m[0m
[0m[[0m[31merror[0m] [0m[0m[31m   |[0m                          Found:    ([32m"unchecked"[0m : String)[0m
[0m[[0m[31merror[0m] [0m[0m[31m   |[0m                          Required: Array[String][0m
[0m[[0m[31merror[0m] [0m[0m[31m   |----------------------------------------------------------------------------[0m[0m
[0m[[0m[31merror[0m] [0m[0m[31m   |[0m Explanation (enabled by `-explain`)[0m
[0m[[0m[31merror[0m] [0m[0m[31m   |- - - - - - - - - - - - - - - - - - - - - - - - - - - - - - - - - - - - - -[0m[0m
[0m[[0m[31merror[0m] [0m[0m[31m   |[0m[0m
[0m[[0m[31merror[0m] [0m[0m[31m   |[0m Tree: [32m"unchecked"[0m[0m
[0m[[0m[31merror[0m] [0m[0m[31m   |[0m I tried to show that[0m
[0m[[0m[31merror[0m] [0m[0m[31m   |[0m   ([32m"unchecked"[0m : String)[0m
[0m[[0m[31merror[0m] [0m[0m[31m   |[0m conforms to[0m
[0m[[0m[31merror[0m] [0m[0m[31m   |[0m   Array[String][0m
[0m[[0m[31merror[0m] [0m[0m[31m   |[0m but the comparison trace ended with `false`:[0m
[0m[[0m[31merror[0m] [0m[0m[31m   |[0m[0m
[0m[[0m[31merror[0m] [0m[0m[31m   |[0m   ==> ([32m"unchecked"[0m : String)  <:  Array[String][0m
[0m[[0m[31merror[0m] [0m[0m[31m   |[0m     ==> String  <:  Array[String] (left is approximated)[0m
[0m[[0m[31merror[0m] [0m[0m[31m   |[0m     <== String  <:  Array[String] (left is approximated) = false[0m
[0m[[0m[31merror[0m] [0m[0m[31m   |[0m   <== ([32m"unchecked"[0m : String)  <:  Array[String] = false[0m
[0m[[0m[31merror[0m] [0m[0m[31m   |[0m[0m
[0m[[0m[31merror[0m] [0m[0m[31m   |[0m The tests were made under the empty constraint[0m
[0m[[0m[31merror[0m] [0m[0m[31m    ----------------------------------------------------------------------------[0m[0m
[0m[[0m[31merror[0m] [0m[0m[34mExplanation[0m[0m
[0m[[0m[31merror[0m] [0m[0m[34m===========[0m[0m
[0m[[0m[31merror[0m] [0m[0m[0m
[0m[[0m[31merror[0m] [0m[0mTree: [32m"unchecked"[0m[0m
[0m[[0m[31merror[0m] [0m[0mI tried to show that[0m
[0m[[0m[31merror[0m] [0m[0m  ([32m"unchecked"[0m : String)[0m
[0m[[0m[31merror[0m] [0m[0mconforms to[0m
[0m[[0m[31merror[0m] [0m[0m  Array[String][0m
[0m[[0m[31merror[0m] [0m[0mbut the comparison trace ended with `false`:[0m
[0m[[0m[31merror[0m] [0m[0m[0m
[0m[[0m[31merror[0m] [0m[0m  ==> ([32m"unchecked"[0m : String)  <:  Array[String][0m
[0m[[0m[31merror[0m] [0m[0m    ==> String  <:  Array[String] (left is approximated)[0m
[0m[[0m[31merror[0m] [0m[0m    <== String  <:  Array[String] (left is approximated) = false[0m
[0m[[0m[31merror[0m] [0m[0m  <== ([32m"unchecked"[0m : String)  <:  Array[String] = false[0m
[0m[[0m[31merror[0m] [0m[0m[0m
[0m[[0m[31merror[0m] [0m[0mThe tests were made under the empty constraint[0m
[0m[[0m[31merror[0m] [0m[0mthree errors found[0m
[0m[[0m[31merror[0m] [0m[0m(Compile / [31mcompileIncremental[0m) Compilation failed[0m
[0m[[0m[31merror[0m] [0m[0mTotal time: 5 s, completed Jul 4, 2022, 2:21:33 PM[0m
[0m[[0m[0mdebug[0m] [0m[0m> Exec(shell, None, None)[0m
